theapp/build/intermediates/manifest_merge_blame_file/debug/manifest-merger-blame-debug-report.txt
1<?xml version="1.0" encoding="utf-8"?>
2<manifest xmlns:android="http://schemas.android.com/apk/res/android"
3    package="com.example.theapp"
4    android:versionCode="1"
5    android:versionName="1.0" >
6
7    <uses-sdk
8        android:minSdkVersion="23"
8-->src\main\AndroidManifest.xml
9        android:targetSdkVersion="30" />
9-->src\main\AndroidManifest.xml
10
11    <uses-permission android:name="android.permission.INTERNET" />
11-->[com.google.firebase:firebase-auth:20.0.4] AndroidManifest.xml:23:5-67
11-->[com.google.firebase:firebase-auth:20.0.4] AndroidManifest.xml:23:22-64
12    <uses-permission android:name="android.permission.ACCESS_NETWORK_STATE" />
12-->[com.google.firebase:firebase-auth:20.0.4] AndroidManifest.xml:24:5-79
12-->[com.google.firebase:firebase-auth:20.0.4] AndroidManifest.xml:24:22-76
13
14    <application
14-->src\main\AndroidManifest.xml:5:5-28:19
15        android:allowBackup="true"
15-->src\main\AndroidManifest.xml:6:9-35
16        android:appComponentFactory="androidx.core.app.CoreComponentFactory"
16-->[androidx.core:core:1.6.0-beta01] AndroidManifest.xml:24:18-86
17        android:debuggable="true"
18        android:extractNativeLibs="false"
19        android:icon="@mipmap/ic_flash"
19-->src\main\AndroidManifest.xml:7:9-40
20        android:label="@string/app_name"
20-->src\main\AndroidManifest.xml:8:9-41
21        android:roundIcon="@mipmap/ic_launcher_round"
21-->src\main\AndroidManifest.xml:9:9-54
22        android:supportsRtl="true"
22-->src\main\AndroidManifest.xml:10:9-35
23        android:testOnly="true"
24        android:theme="@style/Theme.FlashItStandard" >
24-->src\main\AndroidManifest.xml:11:9-53
25        <activity android:name="com.example.theapp.CardTest" />
25-->src\main\AndroidManifest.xml:12:9-46
25-->src\main\AndroidManifest.xml:12:19-43
26        <activity android:name="com.example.theapp.MainActivity" >
26-->src\main\AndroidManifest.xml:13:9-19:20
26-->src\main\AndroidManifest.xml:13:19-47
27            <intent-filter>
27-->src\main\AndroidManifest.xml:14:13-18:29
28                <action android:name="android.intent.action.MAIN" />
28-->src\main\AndroidManifest.xml:15:17-69
28-->src\main\AndroidManifest.xml:15:25-66
29
30                <category android:name="android.intent.category.LAUNCHER" />
30-->src\main\AndroidManifest.xml:17:17-77
30-->src\main\AndroidManifest.xml:17:27-74
31            </intent-filter>
32        </activity>
33        <activity android:name="com.example.theapp.DeckBrowsingCardsActivity" />
33-->src\main\AndroidManifest.xml:20:9-63
33-->src\main\AndroidManifest.xml:20:19-60
34        <activity
34-->src\main\AndroidManifest.xml:21:9-23:50
35            android:name="com.example.theapp.SignUpActivity"
35-->src\main\AndroidManifest.xml:22:13-43
36            android:theme="@style/noAnimTheme" />
36-->src\main\AndroidManifest.xml:23:13-47
37        <activity
37-->src\main\AndroidManifest.xml:24:9-26:50
38            android:name="com.example.theapp.LogInActivity"
38-->src\main\AndroidManifest.xml:25:13-42
39            android:theme="@style/noAnimTheme" />
39-->src\main\AndroidManifest.xml:26:13-47
40        <activity android:name="com.example.theapp.StudyCardsActivity" />
40-->src\main\AndroidManifest.xml:27:9-56
40-->src\main\AndroidManifest.xml:27:19-53
41        <activity
41-->[com.google.firebase:firebase-auth:20.0.4] AndroidManifest.xml:27:9-44:20
42            android:name="com.google.firebase.auth.internal.GenericIdpActivity"
42-->[com.google.firebase:firebase-auth:20.0.4] AndroidManifest.xml:28:13-80
43            android:excludeFromRecents="true"
43-->[com.google.firebase:firebase-auth:20.0.4] AndroidManifest.xml:29:13-46
44            android:exported="true"
44-->[com.google.firebase:firebase-auth:20.0.4] AndroidManifest.xml:30:13-36
45            android:launchMode="singleTask"
45-->[com.google.firebase:firebase-auth:20.0.4] AndroidManifest.xml:31:13-44
46            android:theme="@android:style/Theme.Translucent.NoTitleBar" >
46-->[com.google.firebase:firebase-auth:20.0.4] AndroidManifest.xml:32:13-72
47            <intent-filter>
47-->[com.google.firebase:firebase-auth:20.0.4] AndroidManifest.xml:33:13-43:29
48                <action android:name="android.intent.action.VIEW" />
48-->[com.google.firebase:firebase-auth:20.0.4] AndroidManifest.xml:34:17-69
48-->[com.google.firebase:firebase-auth:20.0.4] AndroidManifest.xml:34:25-66
49
50                <category android:name="android.intent.category.DEFAULT" />
50-->[com.google.firebase:firebase-auth:20.0.4] AndroidManifest.xml:36:17-76
50-->[com.google.firebase:firebase-auth:20.0.4] AndroidManifest.xml:36:27-73
51                <category android:name="android.intent.category.BROWSABLE" />
51-->[com.google.firebase:firebase-auth:20.0.4] AndroidManifest.xml:37:17-78
51-->[com.google.firebase:firebase-auth:20.0.4] AndroidManifest.xml:37:27-75
52
53                <data
53-->[com.google.firebase:firebase-auth:20.0.4] AndroidManifest.xml:39:17-42:51
54                    android:host="firebase.auth"
54-->[com.google.firebase:firebase-auth:20.0.4] AndroidManifest.xml:40:21-49
55                    android:path="/"
55-->[com.google.firebase:firebase-auth:20.0.4] AndroidManifest.xml:41:21-37
56                    android:scheme="genericidp" />
56-->[com.google.firebase:firebase-auth:20.0.4] AndroidManifest.xml:42:21-48
57            </intent-filter>
58        </activity>
59        <activity
59-->[com.google.firebase:firebase-auth:20.0.4] AndroidManifest.xml:45:9-62:20
60            android:name="com.google.firebase.auth.internal.RecaptchaActivity"
60-->[com.google.firebase:firebase-auth:20.0.4] AndroidManifest.xml:46:13-79
61            android:excludeFromRecents="true"
61-->[com.google.firebase:firebase-auth:20.0.4] AndroidManifest.xml:47:13-46
62            android:exported="true"
62-->[com.google.firebase:firebase-auth:20.0.4] AndroidManifest.xml:48:13-36
63            android:launchMode="singleTask"
63-->[com.google.firebase:firebase-auth:20.0.4] AndroidManifest.xml:49:13-44
64            android:theme="@android:style/Theme.Translucent.NoTitleBar" >
64-->[com.google.firebase:firebase-auth:20.0.4] AndroidManifest.xml:50:13-72
65            <intent-filter>
65-->[com.google.firebase:firebase-auth:20.0.4] AndroidManifest.xml:51:13-61:29
66                <action android:name="android.intent.action.VIEW" />
66-->[com.google.firebase:firebase-auth:20.0.4] AndroidManifest.xml:34:17-69
66-->[com.google.firebase:firebase-auth:20.0.4] AndroidManifest.xml:34:25-66
67
68                <category android:name="android.intent.category.DEFAULT" />
68-->[com.google.firebase:firebase-auth:20.0.4] AndroidManifest.xml:36:17-76
68-->[com.google.firebase:firebase-auth:20.0.4] AndroidManifest.xml:36:27-73
69                <category android:name="android.intent.category.BROWSABLE" />
69-->[com.google.firebase:firebase-auth:20.0.4] AndroidManifest.xml:37:17-78
69-->[com.google.firebase:firebase-auth:20.0.4] AndroidManifest.xml:37:27-75
70
71                <data
71-->[com.google.firebase:firebase-auth:20.0.4] AndroidManifest.xml:39:17-42:51
72                    android:host="firebase.auth"
72-->[com.google.firebase:firebase-auth:20.0.4] AndroidManifest.xml:40:21-49
73                    android:path="/"
73-->[com.google.firebase:firebase-auth:20.0.4] AndroidManifest.xml:41:21-37
74                    android:scheme="recaptcha" />
74-->[com.google.firebase:firebase-auth:20.0.4] AndroidManifest.xml:42:21-48
75            </intent-filter>
76        </activity>
77
78        <service
78-->[com.google.firebase:firebase-auth:20.0.4] AndroidManifest.xml:64:9-73:19
79            android:name="com.google.firebase.auth.api.fallback.service.FirebaseAuthFallbackService"
79-->[com.google.firebase:firebase-auth:20.0.4] AndroidManifest.xml:65:13-101
80            android:enabled="true"
80-->[com.google.firebase:firebase-auth:20.0.4] AndroidManifest.xml:66:13-35
81            android:exported="false" >
81-->[com.google.firebase:firebase-auth:20.0.4] AndroidManifest.xml:67:13-37
82            <intent-filter>
82-->[com.google.firebase:firebase-auth:20.0.4] AndroidManifest.xml:68:13-72:29
83                <action android:name="com.google.firebase.auth.api.gms.service.START" />
83-->[com.google.firebase:firebase-auth:20.0.4] AndroidManifest.xml:69:17-89
83-->[com.google.firebase:firebase-auth:20.0.4] AndroidManifest.xml:69:25-86
84
85                <category android:name="android.intent.category.DEFAULT" />
85-->[com.google.firebase:firebase-auth:20.0.4] AndroidManifest.xml:36:17-76
85-->[com.google.firebase:firebase-auth:20.0.4] AndroidManifest.xml:36:27-73
86            </intent-filter>
87        </service>
88        <service
88-->[com.google.firebase:firebase-auth:20.0.4] AndroidManifest.xml:74:9-80:19
89            android:name="com.google.firebase.components.ComponentDiscoveryService"
89-->[com.google.firebase:firebase-auth:20.0.4] AndroidManifest.xml:75:13-84
90            android:directBootAware="true"
90-->[com.google.firebase:firebase-common:19.5.0] AndroidManifest.xml:35:13-43
91            android:exported="false" >
91-->[com.google.firebase:firebase-auth:20.0.4] AndroidManifest.xml:76:13-37
92            <meta-data
92-->[com.google.firebase:firebase-auth:20.0.4] AndroidManifest.xml:77:13-79:85
93                android:name="com.google.firebase.components:com.google.firebase.auth.FirebaseAuthRegistrar"
93-->[com.google.firebase:firebase-auth:20.0.4] AndroidManifest.xml:78:17-109
94                android:value="com.google.firebase.components.ComponentRegistrar" />
94-->[com.google.firebase:firebase-auth:20.0.4] AndroidManifest.xml:79:17-82
95            <meta-data
95-->[com.google.firebase:firebase-database:19.7.0] AndroidManifest.xml:32:13-34:85
96                android:name="com.google.firebase.components:com.google.firebase.database.DatabaseRegistrar"
96-->[com.google.firebase:firebase-database:19.7.0] AndroidManifest.xml:33:17-109
97                android:value="com.google.firebase.components.ComponentRegistrar" />
97-->[com.google.firebase:firebase-database:19.7.0] AndroidManifest.xml:34:17-82
98            <!--
99                This registrar is not defined in the dynamic-module-support sdk itself to allow non-firebase
100                clients to use it as well, by defining this registrar in their own core/common library.
101            -->
102            <meta-data
102-->[com.google.firebase:firebase-common:19.5.0] AndroidManifest.xml:43:13-45:85
103                android:name="com.google.firebase.components:com.google.firebase.dynamicloading.DynamicLoadingRegistrar"
103-->[com.google.firebase:firebase-common:19.5.0] AndroidManifest.xml:44:17-121
104                android:value="com.google.firebase.components.ComponentRegistrar" />
104-->[com.google.firebase:firebase-common:19.5.0] AndroidManifest.xml:45:17-82
105        </service>
106
107        <activity
107-->[com.google.android.gms:play-services-auth:19.0.0] AndroidManifest.xml:23:9-27:75
108            android:name="com.google.android.gms.auth.api.signin.internal.SignInHubActivity"
108-->[com.google.android.gms:play-services-auth:19.0.0] AndroidManifest.xml:24:13-93
109            android:excludeFromRecents="true"
109-->[com.google.android.gms:play-services-auth:19.0.0] AndroidManifest.xml:25:13-46
110            android:exported="false"
110-->[com.google.android.gms:play-services-auth:19.0.0] AndroidManifest.xml:26:13-37
111            android:theme="@android:style/Theme.Translucent.NoTitleBar" />
111-->[com.google.android.gms:play-services-auth:19.0.0] AndroidManifest.xml:27:13-72
112        <!--
113            Service handling Google Sign-In user revocation. For apps that do not integrate with
114            Google Sign-In, this service will never be started.
115        -->
116        <service
116-->[com.google.android.gms:play-services-auth:19.0.0] AndroidManifest.xml:33:9-37:51
117            android:name="com.google.android.gms.auth.api.signin.RevocationBoundService"
117-->[com.google.android.gms:play-services-auth:19.0.0] AndroidManifest.xml:34:13-89
118            android:exported="true"
118-->[com.google.android.gms:play-services-auth:19.0.0] AndroidManifest.xml:35:13-36
119            android:permission="com.google.android.gms.auth.api.signin.permission.REVOCATION_NOTIFICATION"
119-->[com.google.android.gms:play-services-auth:19.0.0] AndroidManifest.xml:36:13-107
120            android:visibleToInstantApps="true" />
120-->[com.google.android.gms:play-services-auth:19.0.0] AndroidManifest.xml:37:13-48
121        <service
121-->[androidx.room:room-runtime:2.2.6] AndroidManifest.xml:25:9-28:40
122            android:name="androidx.room.MultiInstanceInvalidationService"
122-->[androidx.room:room-runtime:2.2.6] AndroidManifest.xml:26:13-74
123            android:directBootAware="true"
123-->[androidx.room:room-runtime:2.2.6] AndroidManifest.xml:27:13-43
124            android:exported="false" />
124-->[androidx.room:room-runtime:2.2.6] AndroidManifest.xml:28:13-37
125
126        <provider
126-->[com.google.firebase:firebase-common:19.5.0] AndroidManifest.xml:26:9-31:39
127            android:name="com.google.firebase.provider.FirebaseInitProvider"
127-->[com.google.firebase:firebase-common:19.5.0] AndroidManifest.xml:27:13-77
128            android:authorities="com.example.theapp.firebaseinitprovider"
128-->[com.google.firebase:firebase-common:19.5.0] AndroidManifest.xml:28:13-72
129            android:directBootAware="true"
129-->[com.google.firebase:firebase-common:19.5.0] AndroidManifest.xml:29:13-43
130            android:exported="false"
130-->[com.google.firebase:firebase-common:19.5.0] AndroidManifest.xml:30:13-37
131            android:initOrder="100" />
131-->[com.google.firebase:firebase-common:19.5.0] AndroidManifest.xml:31:13-36
132
133        <activity
133-->[com.google.android.gms:play-services-base:17.1.0] AndroidManifest.xml:23:9-26:75
134            android:name="com.google.android.gms.common.api.GoogleApiActivity"
134-->[com.google.android.gms:play-services-base:17.1.0] AndroidManifest.xml:24:13-79
135            android:exported="false"
135-->[com.google.android.gms:play-services-base:17.1.0] AndroidManifest.xml:25:13-37
136            android:theme="@android:style/Theme.Translucent.NoTitleBar" />
136-->[com.google.android.gms:play-services-base:17.1.0] AndroidManifest.xml:26:13-72
137
138        <meta-data
138-->[com.google.android.gms:play-services-basement:17.1.1] AndroidManifest.xml:23:9-25:69
139            android:name="com.google.android.gms.version"
139-->[com.google.android.gms:play-services-basement:17.1.1] AndroidManifest.xml:24:13-58
140            android:value="@integer/google_play_services_version" />
140-->[com.google.android.gms:play-services-basement:17.1.1] AndroidManifest.xml:25:13-66
141    </application>
142
143</manifest>